[0.022s] Invoking command in '/home/parallels/ros2_ws/build/my_robot_interfaces': CMAKE_PREFIX_PATH=${CMAKE_PREFIX_PATH}:/home/parallels/ros2_ws/install/turtlesim_catch_them_all:/home/parallels/ros2_ws/install/number_counter:/home/parallels/ros2_ws/install/my_py_pkg:/home/parallels/ros2_ws/install/add_two_ints:/opt/ros/humble /usr/bin/cmake /home/parallels/ros2_ws/src/my_robot_interfaces -DCMAKE_INSTALL_PREFIX=/home/parallels/ros2_ws/install/my_robot_interfaces
[0.321s] -- The C compiler identification is GNU 11.4.0
[0.321s] -- The CXX compiler identification is GNU 11.4.0
[0.321s] -- Detecting C compiler ABI info
[0.321s] -- Detecting C compiler ABI info - done
[0.322s] -- Check for working C compiler: /usr/bin/cc - skipped
[0.322s] -- Detecting C compile features
[0.322s] -- Detecting C compile features - done
[0.322s] -- Detecting CXX compiler ABI info
[0.322s] -- Detecting CXX compiler ABI info - done
[0.322s] -- Check for working CXX compiler: /usr/bin/c++ - skipped
[0.322s] -- Detecting CXX compile features
[0.322s] -- Detecting CXX compile features - done
[0.322s] -- Found ament_cmake: 1.3.11 (/opt/ros/humble/share/ament_cmake/cmake)
[0.322s] -- Found Python3: /usr/bin/python3 (found version "3.10.12") found components: Interpreter 
[0.441s] -- Found rosidl_default_generators: 1.2.0 (/opt/ros/humble/share/rosidl_default_generators/cmake)
[0.453s] -- Using all available rosidl_typesupport_c: rosidl_typesupport_fastrtps_c;rosidl_typesupport_introspection_c
[0.480s] -- Found rosidl_adapter: 3.1.6 (/opt/ros/humble/share/rosidl_adapter/cmake)
[0.590s] -- Using all available rosidl_typesupport_cpp: rosidl_typesupport_fastrtps_cpp;rosidl_typesupport_introspection_cpp
[0.935s] -- Found ament_cmake_ros: 0.10.0 (/opt/ros/humble/share/ament_cmake_ros/cmake)
[1.093s] -- Using all available rosidl_typesupport_c: rosidl_typesupport_fastrtps_c;rosidl_typesupport_introspection_c
[1.246s] -- Using all available rosidl_typesupport_cpp: rosidl_typesupport_fastrtps_cpp;rosidl_typesupport_introspection_cpp
[1.258s] -- Found PythonInterp: /usr/bin/python3 (found suitable version "3.10.12", minimum required is "3.6") 
[1.263s] -- Found python_cmake_module: 0.10.0 (/opt/ros/humble/share/python_cmake_module/cmake)
[1.276s] -- Found PythonLibs: /usr/lib/aarch64-linux-gnu/libpython3.10.so (found suitable version "3.10.12", minimum required is "3.5") 
[1.277s] -- Using PYTHON_EXECUTABLE: /usr/bin/python3
[1.277s] -- Using PYTHON_INCLUDE_DIRS: /usr/include/python3.10
[1.277s] -- Using PYTHON_LIBRARIES: /usr/lib/aarch64-linux-gnu/libpython3.10.so
[1.288s] -- Found PythonExtra: .so  
[1.310s] -- Configuring done
[1.347s] -- Generating done
[1.359s] -- Build files have been written to: /home/parallels/ros2_ws/build/my_robot_interfaces
[1.367s] Invoked command in '/home/parallels/ros2_ws/build/my_robot_interfaces' returned '0': CMAKE_PREFIX_PATH=${CMAKE_PREFIX_PATH}:/home/parallels/ros2_ws/install/turtlesim_catch_them_all:/home/parallels/ros2_ws/install/number_counter:/home/parallels/ros2_ws/install/my_py_pkg:/home/parallels/ros2_ws/install/add_two_ints:/opt/ros/humble /usr/bin/cmake /home/parallels/ros2_ws/src/my_robot_interfaces -DCMAKE_INSTALL_PREFIX=/home/parallels/ros2_ws/install/my_robot_interfaces
[1.368s] Invoking command in '/home/parallels/ros2_ws/build/my_robot_interfaces': CMAKE_PREFIX_PATH=${CMAKE_PREFIX_PATH}:/home/parallels/ros2_ws/install/turtlesim_catch_them_all:/home/parallels/ros2_ws/install/number_counter:/home/parallels/ros2_ws/install/my_py_pkg:/home/parallels/ros2_ws/install/add_two_ints:/opt/ros/humble /usr/bin/cmake --build /home/parallels/ros2_ws/build/my_robot_interfaces -- -j8 -l8
[1.393s] [35m[1mConsolidate compiler generated dependencies of target my_robot_interfaces__rosidl_generator_c[0m
[1.397s] [  1%] Built target my_robot_interfaces__cpp
[1.400s] [  2%] [32mBuilding C object CMakeFiles/my_robot_interfaces__rosidl_generator_c.dir/rosidl_generator_c/my_robot_interfaces/action/detail/count_until__functions.c.o[0m
[1.403s] [  2%] Built target ament_cmake_python_copy_my_robot_interfaces
[1.406s] [35m[1mConsolidate compiler generated dependencies of target my_robot_interfaces__rosidl_typesupport_cpp[0m
[1.407s] [35m[1mConsolidate compiler generated dependencies of target my_robot_interfaces__rosidl_typesupport_introspection_cpp[0m
[1.410s] In file included from [01m[K/home/parallels/ros2_ws/build/my_robot_interfaces/rosidl_generator_c/my_robot_interfaces/action/detail/count_until__functions.h:19[m[K,
[1.410s]                  from [01m[K/home/parallels/ros2_ws/build/my_robot_interfaces/rosidl_generator_c/my_robot_interfaces/action/detail/count_until__functions.c:4[m[K:
[1.410s] [01m[K/home/parallels/ros2_ws/build/my_robot_interfaces/rosidl_generator_c/my_robot_interfaces/action/detail/count_until__struct.h:80:10:[m[K [01;31m[Kfatal error: [m[Kunique_identifier_msgs/msg/detail/uuid__struct.h: No such file or directory
[1.410s]    80 | #include [01;31m[K"unique_identifier_msgs/msg/detail/uuid__struct.h"[m[K
[1.410s]       |          [01;31m[K^~~~~~~~~~~~~~~~~~~~~~~~~~~~~~~~~~~~~~~~~~~~~~~~~~[m[K
[1.410s] compilation terminated.
[1.411s] gmake[2]: *** [CMakeFiles/my_robot_interfaces__rosidl_generator_c.dir/build.make:315: CMakeFiles/my_robot_interfaces__rosidl_generator_c.dir/rosidl_generator_c/my_robot_interfaces/action/detail/count_until__functions.c.o] Error 1
[1.413s] gmake[1]: *** [CMakeFiles/Makefile2:213: CMakeFiles/my_robot_interfaces__rosidl_generator_c.dir/all] Error 2
[1.413s] gmake[1]: *** Waiting for unfinished jobs....
[1.413s] [35m[1mConsolidate compiler generated dependencies of target my_robot_interfaces__rosidl_typesupport_fastrtps_cpp[0m
[1.423s] [  3%] [32mBuilding CXX object CMakeFiles/my_robot_interfaces__rosidl_typesupport_fastrtps_cpp.dir/rosidl_typesupport_fastrtps_cpp/my_robot_interfaces/action/detail/dds_fastrtps/count_until__type_support.cpp.o[0m
[1.427s] [  4%] [32mBuilding CXX object CMakeFiles/my_robot_interfaces__rosidl_typesupport_introspection_cpp.dir/rosidl_typesupport_introspection_cpp/my_robot_interfaces/action/detail/count_until__type_support.cpp.o[0m
[1.428s] [  5%] [32mBuilding CXX object CMakeFiles/my_robot_interfaces__rosidl_typesupport_cpp.dir/rosidl_typesupport_cpp/my_robot_interfaces/action/count_until__type_support.cpp.o[0m
[1.466s] In file included from [01m[K/home/parallels/ros2_ws/build/my_robot_interfaces/rosidl_typesupport_fastrtps_cpp/my_robot_interfaces/action/detail/count_until__rosidl_typesupport_fastrtps_cpp.hpp:11[m[K,
[1.467s]                  from [01m[K/home/parallels/ros2_ws/build/my_robot_interfaces/rosidl_typesupport_fastrtps_cpp/my_robot_interfaces/action/detail/dds_fastrtps/count_until__type_support.cpp:4[m[K:
[1.467s] [01m[K/home/parallels/ros2_ws/build/my_robot_interfaces/rosidl_generator_cpp/my_robot_interfaces/action/detail/count_until__struct.hpp:376:10:[m[K [01;31m[Kfatal error: [m[Kunique_identifier_msgs/msg/detail/uuid__struct.hpp: No such file or directory
[1.467s]   376 | #include [01;31m[K"unique_identifier_msgs/msg/detail/uuid__struct.hpp"[m[K
[1.467s]       |          [01;31m[K^~~~~~~~~~~~~~~~~~~~~~~~~~~~~~~~~~~~~~~~~~~~~~~~~~~~[m[K
[1.467s] compilation terminated.
[1.469s] gmake[2]: *** [CMakeFiles/my_robot_interfaces__rosidl_typesupport_fastrtps_cpp.dir/build.make:238: CMakeFiles/my_robot_interfaces__rosidl_typesupport_fastrtps_cpp.dir/rosidl_typesupport_fastrtps_cpp/my_robot_interfaces/action/detail/dds_fastrtps/count_until__type_support.cpp.o] Error 1
[1.469s] gmake[1]: *** [CMakeFiles/Makefile2:343: CMakeFiles/my_robot_interfaces__rosidl_typesupport_fastrtps_cpp.dir/all] Error 2
[1.471s] In file included from [01m[K/home/parallels/ros2_ws/build/my_robot_interfaces/rosidl_typesupport_introspection_cpp/my_robot_interfaces/action/detail/count_until__type_support.cpp:12[m[K:
[1.471s] [01m[K/home/parallels/ros2_ws/build/my_robot_interfaces/rosidl_generator_cpp/my_robot_interfaces/action/detail/count_until__struct.hpp:376:10:[m[K [01;31m[Kfatal error: [m[Kunique_identifier_msgs/msg/detail/uuid__struct.hpp: No such file or directory
[1.471s]   376 | #include [01;31m[K"unique_identifier_msgs/msg/detail/uuid__struct.hpp"[m[K
[1.471s]       |          [01;31m[K^~~~~~~~~~~~~~~~~~~~~~~~~~~~~~~~~~~~~~~~~~~~~~~~~~~~[m[K
[1.471s] compilation terminated.
[1.473s] gmake[2]: *** [CMakeFiles/my_robot_interfaces__rosidl_typesupport_introspection_cpp.dir/build.make:238: CMakeFiles/my_robot_interfaces__rosidl_typesupport_introspection_cpp.dir/rosidl_typesupport_introspection_cpp/my_robot_interfaces/action/detail/count_until__type_support.cpp.o] Error 1
[1.473s] gmake[1]: *** [CMakeFiles/Makefile2:369: CMakeFiles/my_robot_interfaces__rosidl_typesupport_introspection_cpp.dir/all] Error 2
[1.474s] In file included from [01m[K/home/parallels/ros2_ws/build/my_robot_interfaces/rosidl_typesupport_cpp/my_robot_interfaces/action/count_until__type_support.cpp:7[m[K:
[1.474s] [01m[K/home/parallels/ros2_ws/build/my_robot_interfaces/rosidl_generator_cpp/my_robot_interfaces/action/detail/count_until__struct.hpp:376:10:[m[K [01;31m[Kfatal error: [m[Kunique_identifier_msgs/msg/detail/uuid__struct.hpp: No such file or directory
[1.474s]   376 | #include [01;31m[K"unique_identifier_msgs/msg/detail/uuid__struct.hpp"[m[K
[1.474s]       |          [01;31m[K^~~~~~~~~~~~~~~~~~~~~~~~~~~~~~~~~~~~~~~~~~~~~~~~~~~~[m[K
[1.474s] compilation terminated.
[1.477s] gmake[2]: *** [CMakeFiles/my_robot_interfaces__rosidl_typesupport_cpp.dir/build.make:212: CMakeFiles/my_robot_interfaces__rosidl_typesupport_cpp.dir/rosidl_typesupport_cpp/my_robot_interfaces/action/count_until__type_support.cpp.o] Error 1
[1.477s] gmake[1]: *** [CMakeFiles/Makefile2:395: CMakeFiles/my_robot_interfaces__rosidl_typesupport_cpp.dir/all] Error 2
[1.564s] running egg_info
[1.565s] writing my_robot_interfaces.egg-info/PKG-INFO
[1.565s] writing dependency_links to my_robot_interfaces.egg-info/dependency_links.txt
[1.565s] writing top-level names to my_robot_interfaces.egg-info/top_level.txt
[1.570s] reading manifest file 'my_robot_interfaces.egg-info/SOURCES.txt'
[1.571s] writing manifest file 'my_robot_interfaces.egg-info/SOURCES.txt'
[1.592s] [  5%] Built target ament_cmake_python_build_my_robot_interfaces_egg
[1.593s] gmake: *** [Makefile:146: all] Error 2
[1.601s] Invoked command in '/home/parallels/ros2_ws/build/my_robot_interfaces' returned '2': CMAKE_PREFIX_PATH=${CMAKE_PREFIX_PATH}:/home/parallels/ros2_ws/install/turtlesim_catch_them_all:/home/parallels/ros2_ws/install/number_counter:/home/parallels/ros2_ws/install/my_py_pkg:/home/parallels/ros2_ws/install/add_two_ints:/opt/ros/humble /usr/bin/cmake --build /home/parallels/ros2_ws/build/my_robot_interfaces -- -j8 -l8
