[0.005s] Invoking command in '/home/parallels/ros2_ws/ROS2_Humble/build/my_robot_interfaces': CMAKE_PREFIX_PATH=${CMAKE_PREFIX_PATH}:/home/parallels/ros2_ws/ROS2_Humble/install/turtlesim_catch_them_all:/home/parallels/ros2_ws/ROS2_Humble/install/number_counter:/home/parallels/ros2_ws/ROS2_Humble/install/my_py_pkg:/home/parallels/ros2_ws/ROS2_Humble/install/actions_py:/home/parallels/ros2_ws/ROS2_Humble/install/lifecycle_py:/home/parallels/ros2_ws/ROS2_Humble/install/executors_py:/home/parallels/ros2_ws/ROS2_Humble/install/components_py:/home/parallels/ros2_ws/ROS2_Humble/install/add_two_ints:/opt/ros/humble /usr/bin/cmake --build /home/parallels/ros2_ws/ROS2_Humble/build/my_robot_interfaces -- -j8 -l8
[0.018s] -- Found ament_cmake: 1.3.11 (/opt/ros/humble/share/ament_cmake/cmake)
[0.082s] -- Found rosidl_default_generators: 1.2.0 (/opt/ros/humble/share/rosidl_default_generators/cmake)
[0.084s] -- Using all available rosidl_typesupport_c: rosidl_typesupport_fastrtps_c;rosidl_typesupport_introspection_c
[0.085s] -- Found rosidl_adapter: 3.1.6 (/opt/ros/humble/share/rosidl_adapter/cmake)
[0.099s] -- Using all available rosidl_typesupport_cpp: rosidl_typesupport_fastrtps_cpp;rosidl_typesupport_introspection_cpp
[0.228s] [31mCMake Error at /opt/ros/humble/share/rosidl_adapter/cmake/rosidl_adapt_interfaces.cmake:59 (message):
[0.228s]   execute_process(/usr/bin/python3 -m rosidl_adapter --package-name
[0.228s]   my_robot_interfaces --arguments-file
[0.228s]   /home/parallels/ros2_ws/ROS2_Humble/build/my_robot_interfaces/rosidl_adapter__arguments__my_robot_interfaces.json
[0.228s]   --output-dir
[0.228s]   /home/parallels/ros2_ws/ROS2_Humble/build/my_robot_interfaces/rosidl_adapter/my_robot_interfaces
[0.229s]   --output-file
[0.229s]   /home/parallels/ros2_ws/ROS2_Humble/build/my_robot_interfaces/rosidl_adapter/my_robot_interfaces.idls)
[0.229s]   returned error code 1:
[0.229s] 
[0.229s]   Traceback (most recent call last):
[0.229s] 
[0.229s]     File "/usr/lib/python3.10/runpy.py", line 196, in _run_module_as_main
[0.229s]       return _run_code(code, main_globals, None,
[0.229s]     File "/usr/lib/python3.10/runpy.py", line 86, in _run_code
[0.229s]       exec(code, run_globals)
[0.229s]     File "/opt/ros/humble/local/lib/python3.10/dist-packages/rosidl_adapter/__main__.py", line 19, in <module>
[0.229s]       sys.exit(main())
[0.229s]     File "/opt/ros/humble/local/lib/python3.10/dist-packages/rosidl_adapter/main.py", line 53, in main
[0.229s]       abs_idl_file = convert_to_idl(
[0.229s]     File "/opt/ros/humble/local/lib/python3.10/dist-packages/rosidl_adapter/__init__.py", line 29, in convert_to_idl
[0.229s]       return convert_action_to_idl(
[0.229s]     File "/opt/ros/humble/local/lib/python3.10/dist-packages/rosidl_adapter/action/__init__.py", line 28, in convert_action_to_idl
[0.229s]       action = parse_action_string(package_name, input_file.stem, content)
[0.229s]     File "/opt/ros/humble/local/lib/python3.10/dist-packages/rosidl_adapter/parser.py", line 902, in parse_action_string
[0.229s]       goal_message = parse_message_string(
[0.229s]     File "/opt/ros/humble/local/lib/python3.10/dist-packages/rosidl_adapter/parser.py", line 544, in parse_message_string
[0.229s]       msg = MessageSpecification(pkg_name, msg_name, fields, constants)
[0.229s]     File "/opt/ros/humble/local/lib/python3.10/dist-packages/rosidl_adapter/parser.py", line 388, in __init__
[0.229s]       self.base_type = BaseType(
[0.229s]     File "/opt/ros/humble/local/lib/python3.10/dist-packages/rosidl_adapter/parser.py", line 205, in __init__
[0.229s]       raise InvalidResourceName(
[0.229s] 
[0.229s]   rosidl_adapter.parser.InvalidResourceName: 'move_turtle_Goal' is an invalid
[0.229s]   message name.  It should have the pattern '^[A-Z][A-Za-z0-9]*$'
[0.229s] 
[0.229s] Call Stack (most recent call first):
[0.229s]   /opt/ros/humble/share/rosidl_cmake/cmake/rosidl_generate_interfaces.cmake:130 (rosidl_adapt_interfaces)
[0.229s]   CMakeLists.txt:12 (rosidl_generate_interfaces)
[0.229s] 
[0.229s] [0m
[0.229s] -- Configuring incomplete, errors occurred!
[0.229s] See also "/home/parallels/ros2_ws/ROS2_Humble/build/my_robot_interfaces/CMakeFiles/CMakeOutput.log".
[0.231s] gmake: *** [Makefile:2475: cmake_check_build_system] Error 1
[0.232s] Invoked command in '/home/parallels/ros2_ws/ROS2_Humble/build/my_robot_interfaces' returned '2': CMAKE_PREFIX_PATH=${CMAKE_PREFIX_PATH}:/home/parallels/ros2_ws/ROS2_Humble/install/turtlesim_catch_them_all:/home/parallels/ros2_ws/ROS2_Humble/install/number_counter:/home/parallels/ros2_ws/ROS2_Humble/install/my_py_pkg:/home/parallels/ros2_ws/ROS2_Humble/install/actions_py:/home/parallels/ros2_ws/ROS2_Humble/install/lifecycle_py:/home/parallels/ros2_ws/ROS2_Humble/install/executors_py:/home/parallels/ros2_ws/ROS2_Humble/install/components_py:/home/parallels/ros2_ws/ROS2_Humble/install/add_two_ints:/opt/ros/humble /usr/bin/cmake --build /home/parallels/ros2_ws/ROS2_Humble/build/my_robot_interfaces -- -j8 -l8
