In file included from [01m[K/usr/include/c++/11/memory:63[m[K,
                 from [01m[K/opt/ros/humble/include/rclcpp/rclcpp/rclcpp.hpp:153[m[K,
                 from [01m[K/home/parallels/ros2_ws/src/my_cpp_pkg/src/LED_panel.cpp:1[m[K:
/usr/include/c++/11/bits/stl_algobase.h: In instantiation of â€˜[01m[K_OI std::__copy_move_a2(_II, _II, _OI) [with bool _IsMove = false; _II = long int; _OI = long int*][m[Kâ€™:
[01m[K/usr/include/c++/11/bits/stl_algobase.h:522:42:[m[K   required from â€˜[01m[K_OI std::__copy_move_a1(_II, _II, _OI) [with bool _IsMove = false; _II = long int; _OI = long int*][m[Kâ€™
[01m[K/usr/include/c++/11/bits/stl_algobase.h:530:31:[m[K   required from â€˜[01m[K_OI std::__copy_move_a(_II, _II, _OI) [with bool _IsMove = false; _II = long int; _OI = long int*][m[Kâ€™
[01m[K/usr/include/c++/11/bits/stl_algobase.h:620:7:[m[K   required from â€˜[01m[K_OI std::copy(_II, _II, _OI) [with _II = long int; _OI = long int*][m[Kâ€™
[01m[K/home/parallels/ros2_ws/src/my_cpp_pkg/src/LED_panel.cpp:45:18:[m[K   required from here
[01m[K/usr/include/c++/11/bits/stl_algobase.h:488:64:[m[K [01;31m[Kerror: [m[Kno type named â€˜[01m[Kiterator_category[m[Kâ€™ in â€˜[01m[Kstruct std::iterator_traits<long int>[m[Kâ€™
  488 | ename iterator_traits<_II>::iterator_category [01;31m[K_Category[m[K;
      |                                               [01;31m[K^~~~~~~~~[m[K

[01m[K/usr/include/c++/11/bits/stl_algobase.h:495:51:[m[K [01;31m[Kerror: [m[Kno type named â€˜[01m[Kiterator_category[m[Kâ€™ in â€˜[01m[Kstruct std::iterator_traits<long int>[m[Kâ€™
  494 |  return [01;31m[Kstd::__copy_move<_IsMove, __memcpyable<_OI, _II>::__value,[m[K
      |         [01;31m[K~~~~~~~~~~~~~~~~~~~~~~~~~~~~~~~~~~~~~~~~~~~~~~~~~~~~~~~~~~[m[K

  495 |    [01;31m[K                      _Category>::__copy_m(__first, __last, __result)[m[K;
      |                          [01;31m[K~~~~~~~~~~~~~~~~~~~~^~~~~~~~~~~~~~~~~~~~~~~~~~~[m[K

gmake[2]: *** [CMakeFiles/LED_panel.dir/build.make:76: CMakeFiles/LED_panel.dir/src/LED_panel.cpp.o] Error 1
gmake[1]: *** [CMakeFiles/Makefile2:305: CMakeFiles/LED_panel.dir/all] Error 2
gmake[1]: *** Waiting for unfinished jobs....
gmake: *** [Makefile:146: all] Error 2
